TN:
SF:app.js
FN:17,anonymous_0
FN:20,anonymous_1
FNDA:2,anonymous_0
FNDA:0,anonymous_1
FNF:2
FNH:1
BRDA:1,0,0,2
BRDA:17,1,0,2
BRF:2
BRH:2
DA:1,2
DA:2,2
DA:3,2
DA:4,2
DA:5,2
DA:6,2
DA:7,2
DA:8,2
DA:9,2
DA:10,2
DA:11,2
DA:12,2
DA:13,2
DA:14,2
DA:15,2
DA:16,2
DA:17,2
DA:18,2
DA:19,2
DA:20,2
DA:21,0
DA:22,2
DA:23,2
DA:24,2
DA:25,2
DA:26,2
DA:27,2
DA:28,2
DA:29,2
DA:30,2
DA:31,2
DA:32,2
LH:31
LF:32
end_of_record
SF:controllers\blogs.js
FN:5,anonymous_0
FN:10,anonymous_1
FN:19,anonymous_2
FN:32,anonymous_3
FN:37,anonymous_4
FNDA:4,anonymous_0
FNDA:3,anonymous_1
FNDA:3,anonymous_2
FNDA:1,anonymous_3
FNDA:1,anonymous_4
FNF:5
FNH:5
BRDA:1,0,0,2
BRDA:5,1,0,4
BRDA:10,2,0,3
BRDA:11,3,0,2
BRDA:12,4,0,1
BRDA:19,5,0,3
BRDA:28,6,0,2
BRDA:32,7,0,1
BRDA:37,8,0,1
BRF:9
BRH:9
DA:1,2
DA:2,2
DA:3,2
DA:4,2
DA:5,2
DA:6,4
DA:7,4
DA:8,2
DA:9,2
DA:10,2
DA:11,3
DA:12,3
DA:13,1
DA:14,1
DA:15,1
DA:16,1
DA:17,2
DA:18,2
DA:19,2
DA:20,3
DA:21,3
DA:22,3
DA:23,3
DA:24,3
DA:25,3
DA:26,3
DA:27,3
DA:28,3
DA:29,2
DA:30,2
DA:31,2
DA:32,2
DA:33,1
DA:34,1
DA:35,2
DA:36,2
DA:37,2
DA:38,1
DA:39,1
DA:40,1
DA:41,2
DA:42,2
DA:43,2
DA:44,2
LH:44
LF:44
end_of_record
SF:controllers\users.js
FN:7,anonymous_0
FN:14,anonymous_1
FN:20,anonymous_2
FNDA:0,anonymous_0
FNDA:3,anonymous_1
FNDA:0,anonymous_2
FNF:3
FNH:1
BRDA:1,0,0,2
BRDA:14,1,0,3
BRDA:19,2,0,0
BRDA:32,3,0,1
BRF:4
BRH:3
DA:1,2
DA:2,2
DA:3,2
DA:4,2
DA:5,2
DA:6,2
DA:7,2
DA:8,0
DA:9,0
DA:10,2
DA:11,2
DA:12,2
DA:13,2
DA:14,2
DA:15,3
DA:16,3
DA:17,3
DA:18,3
DA:19,3
DA:20,0
DA:21,0
DA:22,3
DA:23,3
DA:24,3
DA:25,3
DA:26,3
DA:27,3
DA:28,3
DA:29,3
DA:30,3
DA:31,3
DA:32,3
DA:33,1
DA:34,2
DA:35,2
DA:36,2
DA:37,2
LH:33
LF:37
end_of_record
SF:models\blog.js
FN:26,transform
FNDA:71,transform
FNF:1
FNH:1
BRDA:1,0,0,2
BRDA:26,1,0,71
BRF:2
BRH:2
DA:1,2
DA:2,2
DA:3,2
DA:4,2
DA:5,2
DA:6,2
DA:7,2
DA:8,2
DA:9,2
DA:10,2
DA:11,2
DA:12,2
DA:13,2
DA:14,2
DA:15,2
DA:16,2
DA:17,2
DA:18,2
DA:19,2
DA:20,2
DA:21,2
DA:22,2
DA:23,2
DA:24,2
DA:25,2
DA:26,2
DA:27,71
DA:28,71
DA:29,71
DA:30,71
DA:31,2
DA:32,2
DA:33,2
DA:34,2
DA:35,2
LH:35
LF:35
end_of_record
SF:models\user.js
FN:15,transform
FNDA:8,transform
FNF:1
FNH:1
BRDA:1,0,0,2
BRDA:15,1,0,8
BRF:2
BRH:2
DA:1,2
DA:2,2
DA:3,2
DA:4,2
DA:5,2
DA:6,2
DA:7,2
DA:8,2
DA:9,2
DA:10,2
DA:11,2
DA:12,2
DA:13,2
DA:14,2
DA:15,2
DA:16,8
DA:17,8
DA:18,8
DA:19,8
DA:20,8
DA:21,2
DA:22,2
DA:23,2
DA:24,2
DA:25,2
LH:25
LF:25
end_of_record
SF:tests\blog_api.test.js
FN:11,anonymous_0
FN:12,anonymous_1
FN:17,anonymous_2
FN:24,anonymous_3
FN:30,anonymous_4
FN:32,transform
FN:43,anonymous_6
FN:48,anonymous_7
FN:51,anonymous_8
FN:55,anonymous_9
FN:56,anonymous_10
FN:69,anonymous_11
FN:77,anonymous_12
FN:86,anonymous_13
FN:87,anonymous_14
FN:104,anonymous_15
FN:108,anonymous_16
FN:123,anonymous_17
FN:127,anonymous_18
FN:141,anonymous_19
FN:142,anonymous_20
FN:153,anonymous_21
FN:158,anonymous_22
FN:159,anonymous_23
FN:173,anonymous_24
FNDA:1,anonymous_0
FNDA:12,anonymous_1
FNDA:1,anonymous_2
FNDA:1,anonymous_3
FNDA:1,anonymous_4
FNDA:0,transform
FNDA:6,anonymous_6
FNDA:1,anonymous_7
FNDA:6,anonymous_8
FNDA:1,anonymous_9
FNDA:1,anonymous_10
FNDA:1,anonymous_11
FNDA:1,anonymous_12
FNDA:1,anonymous_13
FNDA:1,anonymous_14
FNDA:7,anonymous_15
FNDA:1,anonymous_16
FNDA:7,anonymous_17
FNDA:1,anonymous_18
FNDA:1,anonymous_19
FNDA:1,anonymous_20
FNDA:5,anonymous_21
FNDA:1,anonymous_22
FNDA:1,anonymous_23
FNDA:1,anonymous_24
FNF:25
FNH:24
BRDA:1,0,0,1
BRDA:11,1,0,1
BRDA:12,2,0,12
BRDA:17,3,0,1
BRDA:24,4,0,1
BRDA:30,5,0,1
BRDA:43,6,0,6
BRDA:48,7,0,1
BRDA:51,8,0,6
BRDA:55,9,0,1
BRDA:56,10,0,1
BRDA:69,11,0,1
BRDA:77,12,0,1
BRDA:86,13,0,1
BRDA:87,14,0,1
BRDA:104,15,0,7
BRDA:108,16,0,1
BRDA:123,17,0,7
BRDA:127,18,0,1
BRDA:141,19,0,1
BRDA:142,20,0,1
BRDA:153,21,0,5
BRDA:158,22,0,1
BRDA:159,23,0,1
BRDA:173,24,0,1
BRF:25
BRH:25
DA:1,1
DA:2,1
DA:3,1
DA:4,1
DA:5,1
DA:6,1
DA:7,1
DA:8,1
DA:9,1
DA:10,1
DA:11,1
DA:12,1
DA:13,12
DA:14,12
DA:15,1
DA:16,1
DA:17,1
DA:18,1
DA:19,1
DA:20,1
DA:21,1
DA:22,1
DA:23,1
DA:24,1
DA:25,1
DA:26,1
DA:27,1
DA:28,1
DA:29,1
DA:30,1
DA:31,1
DA:32,1
DA:33,0
DA:34,0
DA:35,0
DA:36,0
DA:37,1
DA:38,1
DA:39,1
DA:40,1
DA:41,1
DA:42,1
DA:43,1
DA:44,6
DA:45,1
DA:46,1
DA:47,1
DA:48,1
DA:49,1
DA:50,1
DA:51,1
DA:52,1
DA:53,1
DA:54,1
DA:55,1
DA:56,1
DA:57,1
DA:58,1
DA:59,1
DA:60,1
DA:61,1
DA:62,1
DA:63,1
DA:64,1
DA:65,1
DA:66,1
DA:67,1
DA:68,1
DA:69,1
DA:70,1
DA:71,1
DA:72,1
DA:73,1
DA:74,1
DA:75,1
DA:76,1
DA:77,1
DA:78,1
DA:79,1
DA:80,1
DA:81,1
DA:82,1
DA:83,1
DA:84,1
DA:85,1
DA:86,1
DA:87,1
DA:88,1
DA:89,1
DA:90,1
DA:91,1
DA:92,1
DA:93,1
DA:94,1
DA:95,1
DA:96,1
DA:97,1
DA:98,1
DA:99,1
DA:100,1
DA:101,1
DA:102,1
DA:103,1
DA:104,1
DA:105,1
DA:106,1
DA:107,1
DA:108,1
DA:109,1
DA:110,1
DA:111,1
DA:112,1
DA:113,1
DA:114,1
DA:115,1
DA:116,1
DA:117,1
DA:118,1
DA:119,1
DA:120,1
DA:121,1
DA:122,1
DA:123,1
DA:124,1
DA:125,1
DA:126,1
DA:127,1
DA:128,1
DA:129,1
DA:130,1
DA:131,1
DA:132,1
DA:133,1
DA:134,1
DA:135,1
DA:136,1
DA:137,1
DA:138,1
DA:139,1
DA:140,1
DA:141,1
DA:142,1
DA:143,1
DA:144,1
DA:145,1
DA:146,1
DA:147,1
DA:148,1
DA:149,1
DA:150,1
DA:151,1
DA:152,1
DA:153,1
DA:154,1
DA:155,1
DA:156,1
DA:157,1
DA:158,1
DA:159,1
DA:160,1
DA:161,1
DA:162,1
DA:163,1
DA:164,1
DA:165,1
DA:166,1
DA:167,1
DA:168,1
DA:169,1
DA:170,1
DA:171,1
DA:172,1
DA:173,1
DA:174,1
DA:175,1
LH:171
LF:175
end_of_record
SF:tests\dummy.test.js
FN:5,anonymous_0
FNDA:1,anonymous_0
FNF:1
FNH:1
BRDA:1,0,0,1
BRDA:5,1,0,1
BRF:2
BRH:2
DA:1,1
DA:2,1
DA:3,1
DA:4,1
DA:5,1
DA:6,1
DA:7,1
DA:8,1
DA:9,1
LH:9
LF:9
end_of_record
SF:tests\likes.test.js
FN:73,anonymous_0
FN:74,anonymous_1
FN:77,anonymous_2
FN:80,anonymous_3
FN:81,anonymous_4
FN:85,anonymous_5
FN:92,anonymous_6
FN:98,anonymous_7
FNDA:1,anonymous_0
FNDA:1,anonymous_1
FNDA:1,anonymous_2
FNDA:1,anonymous_3
FNDA:6,anonymous_4
FNDA:1,anonymous_5
FNDA:1,anonymous_6
FNDA:1,anonymous_7
FNF:8
FNH:8
BRDA:1,0,0,1
BRDA:73,1,0,1
BRDA:74,2,0,1
BRDA:77,3,0,1
BRDA:80,4,0,1
BRDA:81,5,0,6
BRDA:85,6,0,1
BRDA:92,7,0,1
BRDA:98,8,0,1
BRF:9
BRH:9
DA:1,1
DA:2,1
DA:3,1
DA:4,1
DA:5,1
DA:6,1
DA:7,1
DA:8,1
DA:9,1
DA:10,1
DA:11,1
DA:12,1
DA:13,1
DA:14,1
DA:15,1
DA:16,1
DA:17,1
DA:18,1
DA:19,1
DA:20,1
DA:21,1
DA:22,1
DA:23,1
DA:24,1
DA:25,1
DA:26,1
DA:27,1
DA:28,1
DA:29,1
DA:30,1
DA:31,1
DA:32,1
DA:33,1
DA:34,1
DA:35,1
DA:36,1
DA:37,1
DA:38,1
DA:39,1
DA:40,1
DA:41,1
DA:42,1
DA:43,1
DA:44,1
DA:45,1
DA:46,1
DA:47,1
DA:48,1
DA:49,1
DA:50,1
DA:51,1
DA:52,1
DA:53,1
DA:54,1
DA:55,1
DA:56,1
DA:57,1
DA:58,1
DA:59,1
DA:60,1
DA:61,1
DA:62,1
DA:63,1
DA:64,1
DA:65,1
DA:66,1
DA:67,1
DA:68,1
DA:69,1
DA:70,1
DA:71,1
DA:72,1
DA:73,1
DA:74,1
DA:75,1
DA:76,1
DA:77,1
DA:78,1
DA:79,1
DA:80,1
DA:81,1
DA:82,6
DA:83,1
DA:84,1
DA:85,1
DA:86,1
DA:87,1
DA:88,1
DA:89,1
DA:90,1
DA:91,1
DA:92,1
DA:93,1
DA:94,1
DA:95,1
DA:96,1
DA:97,1
DA:98,1
DA:99,1
DA:100,1
DA:101,1
DA:102,1
DA:103,1
DA:104,1
LH:104
LF:104
end_of_record
SF:tests\test_helper.js
FN:44,nonExistingId
FN:53,blogsInDb
FN:58,usersInDb
FN:60,anonymous_3
FN:55,anonymous_4
FNDA:1,nonExistingId
FNDA:7,blogsInDb
FNDA:6,usersInDb
FNDA:7,anonymous_3
FNDA:43,anonymous_4
FNF:5
FNH:5
BRDA:1,0,0,2
BRDA:44,1,0,1
BRDA:53,2,0,7
BRDA:58,3,0,6
BRDA:60,4,0,7
BRDA:55,5,0,43
BRF:6
BRH:6
DA:1,2
DA:2,2
DA:3,2
DA:4,2
DA:5,2
DA:6,2
DA:7,2
DA:8,2
DA:9,2
DA:10,2
DA:11,2
DA:12,2
DA:13,2
DA:14,2
DA:15,2
DA:16,2
DA:17,2
DA:18,2
DA:19,2
DA:20,2
DA:21,2
DA:22,2
DA:23,2
DA:24,2
DA:25,2
DA:26,2
DA:27,2
DA:28,2
DA:29,2
DA:30,2
DA:31,2
DA:32,2
DA:33,2
DA:34,2
DA:35,2
DA:36,2
DA:37,2
DA:38,2
DA:39,2
DA:40,2
DA:41,2
DA:42,2
DA:43,2
DA:44,2
DA:45,1
DA:46,1
DA:47,1
DA:48,1
DA:49,1
DA:50,1
DA:51,1
DA:52,2
DA:53,2
DA:54,7
DA:55,7
DA:56,7
DA:57,2
DA:58,2
DA:59,6
DA:60,6
DA:61,6
DA:62,2
DA:63,2
DA:64,2
DA:65,2
DA:66,2
DA:67,2
DA:68,2
LH:68
LF:68
end_of_record
SF:tests\users_api.test.js
FN:11,anonymous_0
FN:12,anonymous_1
FN:18,anonymous_2
FN:36,anonymous_3
FN:40,anonymous_4
FN:62,anonymous_5
FN:85,anonymous_6
FNDA:1,anonymous_0
FNDA:3,anonymous_1
FNDA:1,anonymous_2
FNDA:2,anonymous_3
FNDA:1,anonymous_4
FNDA:1,anonymous_5
FNDA:1,anonymous_6
FNF:7
FNH:7
BRDA:1,0,0,1
BRDA:11,1,0,1
BRDA:12,2,0,3
BRDA:18,3,0,1
BRDA:36,4,0,2
BRDA:40,5,0,1
BRDA:62,6,0,1
BRDA:85,7,0,1
BRF:8
BRH:8
DA:1,1
DA:2,1
DA:3,1
DA:4,1
DA:5,1
DA:6,1
DA:7,1
DA:8,1
DA:9,1
DA:10,1
DA:11,1
DA:12,1
DA:13,3
DA:14,3
DA:15,3
DA:16,3
DA:17,1
DA:18,1
DA:19,1
DA:20,1
DA:21,1
DA:22,1
DA:23,1
DA:24,1
DA:25,1
DA:26,1
DA:27,1
DA:28,1
DA:29,1
DA:30,1
DA:31,1
DA:32,1
DA:33,1
DA:34,1
DA:35,1
DA:36,1
DA:37,1
DA:38,1
DA:39,1
DA:40,1
DA:41,1
DA:42,1
DA:43,1
DA:44,1
DA:45,1
DA:46,1
DA:47,1
DA:48,1
DA:49,1
DA:50,1
DA:51,1
DA:52,1
DA:53,1
DA:54,1
DA:55,1
DA:56,1
DA:57,1
DA:58,1
DA:59,1
DA:60,1
DA:61,1
DA:62,1
DA:63,1
DA:64,1
DA:65,1
DA:66,1
DA:67,1
DA:68,1
DA:69,1
DA:70,1
DA:71,1
DA:72,1
DA:73,1
DA:74,1
DA:75,1
DA:76,1
DA:77,1
DA:78,1
DA:79,1
DA:80,1
DA:81,1
DA:82,1
DA:83,1
DA:84,1
DA:85,1
DA:86,1
DA:87,1
LH:87
LF:87
end_of_record
SF:utils\config.js
FNF:0
FNH:0
BRDA:1,0,0,2
BRDA:6,1,0,0
BRF:2
BRH:1
DA:1,2
DA:2,2
DA:3,2
DA:4,2
DA:5,2
DA:6,0
DA:7,2
DA:8,2
DA:9,2
DA:10,2
DA:11,2
DA:12,2
LH:11
LF:12
end_of_record
SF:utils\list_helper.js
FN:1,dummy
FN:5,calculateLikes
FN:19,favoriteBlog
FN:33,authorWithMostBlogs
FN:43,autherWithMostLikes
FN:13,anonymous_5
FN:20,anonymous_6
FN:34,anonymous_7
FN:44,anonymous_8
FNDA:1,dummy
FNDA:3,calculateLikes
FNDA:1,favoriteBlog
FNDA:1,authorWithMostBlogs
FNDA:1,autherWithMostLikes
FNDA:6,anonymous_5
FNDA:5,anonymous_6
FNDA:5,anonymous_7
FNDA:5,anonymous_8
FNF:9
FNH:9
BRDA:1,0,0,2
BRDA:1,1,0,1
BRDA:5,2,0,3
BRDA:8,3,0,1
BRDA:10,4,0,2
BRDA:10,5,0,1
BRDA:19,6,0,1
BRDA:33,7,0,1
BRDA:43,8,0,1
BRDA:13,9,0,6
BRDA:20,10,0,5
BRDA:21,11,0,1
BRDA:34,12,0,5
BRDA:35,13,0,2
BRDA:44,14,0,5
BRDA:45,15,0,1
BRF:16
BRH:16
DA:1,2
DA:2,1
DA:3,1
DA:4,2
DA:5,2
DA:6,3
DA:7,3
DA:8,3
DA:9,1
DA:10,3
DA:11,1
DA:12,1
DA:13,1
DA:14,6
DA:15,1
DA:16,1
DA:17,3
DA:18,2
DA:19,2
DA:20,1
DA:21,5
DA:22,1
DA:23,1
DA:24,5
DA:25,1
DA:26,1
DA:27,1
DA:28,1
DA:29,1
DA:30,1
DA:31,1
DA:32,2
DA:33,2
DA:34,1
DA:35,5
DA:36,2
DA:37,2
DA:38,5
DA:39,1
DA:40,1
DA:41,1
DA:42,2
DA:43,2
DA:44,1
DA:45,5
DA:46,1
DA:47,1
DA:48,5
DA:49,1
DA:50,1
DA:51,1
DA:52,1
DA:53,1
DA:54,1
DA:55,2
DA:56,2
DA:57,2
DA:58,2
DA:59,2
DA:60,2
DA:61,2
DA:62,2
LH:62
LF:62
end_of_record
SF:utils\logger.js
FN:1,info
FN:5,error
FNDA:4,info
FNDA:4,error
FNF:2
FNH:2
BRDA:1,0,0,2
BRDA:1,1,0,4
BRDA:5,2,0,4
BRF:3
BRH:3
DA:1,2
DA:2,4
DA:3,4
DA:4,2
DA:5,2
DA:6,4
DA:7,4
DA:8,2
DA:9,2
DA:10,2
DA:11,2
LH:11
LF:11
end_of_record
SF:utils\middleware.js
FN:3,unknwonEndPoint
FN:7,errorHandler
FNDA:0,unknwonEndPoint
FNDA:4,errorHandler
FNF:2
FNH:1
BRDA:1,0,0,2
BRDA:7,1,0,4
BRDA:11,2,0,1
BRDA:9,3,0,1
BRDA:15,4,0,0
BRF:5
BRH:4
DA:1,2
DA:2,2
DA:3,2
DA:4,0
DA:5,0
DA:6,2
DA:7,2
DA:8,4
DA:9,4
DA:10,1
DA:11,1
DA:12,1
DA:13,1
DA:14,1
DA:15,1
DA:16,0
DA:17,4
DA:18,2
DA:19,2
DA:20,2
DA:21,2
DA:22,2
LH:19
LF:22
end_of_record
